[23:21:28] [ServerMain/INFO]: Environment: authHost='https://authserver.mojang.com', accountsHost='https://api.mojang.com', sessionHost='https://sessionserver.mojang.com', servicesHost='https://api.minecraftservices.com', name='PROD'
[23:21:30] [Worker-Main-5/INFO]: Loaded 7 recipes
[23:21:30] [Server thread/INFO]: Starting minecraft server version 1.18.2
[23:21:30] [Server thread/INFO]: Loading properties
[23:21:31] [Server thread/INFO]: This server is running Paper version git-Paper-341 (MC: 1.18.2) (Implementing API version 1.18.2-R0.1-SNAPSHOT) (Git: fc1752f)
[23:21:31] [Server thread/INFO]: Server Ping Player Sample Count: 12
[23:21:31] [Server thread/INFO]: Using 4 threads for Netty based IO
[23:21:31] [Server thread/INFO]: Default game type: SURVIVAL
[23:21:31] [Server thread/INFO]: Generating keypair
[23:21:31] [Server thread/INFO]: Starting Minecraft server on *:25565
[23:21:31] [Server thread/INFO]: Using default channel type
[23:21:31] [Server thread/INFO]: Paper: Using Java 11 compression from Velocity.
[23:21:31] [Server thread/INFO]: Paper: Using Java cipher from Velocity.
[23:21:31] [Server thread/INFO]: Server permissions file permissions.yml is empty, ignoring it
[23:21:31] [Server thread/INFO]: Preparing level "world"
[23:21:32] [Server thread/INFO]: Preparing start region for dimension minecraft:overworld
[23:21:32] [Server thread/INFO]: Time elapsed: 190 ms
[23:21:32] [Server thread/INFO]: Preparing start region for dimension minecraft:the_nether
[23:21:32] [Server thread/INFO]: Time elapsed: 44 ms
[23:21:32] [Server thread/INFO]: Preparing start region for dimension minecraft:the_end
[23:21:32] [Server thread/INFO]: Time elapsed: 68 ms
[23:21:32] [Server thread/INFO]: Running delayed init tasks
[23:21:32] [Server thread/INFO]: Done (1.744s)! For help, type "help"
[23:21:32] [Server thread/INFO]: Timings Reset
[23:21:34] [Server thread/INFO]: Stopping the server
[23:21:34] [Server thread/INFO]: Stopping server
[23:21:34] [Server thread/INFO]: Saving players
[23:21:34] [Server thread/INFO]: Saving worlds
[23:21:34] [Server thread/INFO]: Saving chunks for level 'ServerLevel[world]'/minecraft:overworld
[23:21:36] [Server thread/INFO]: Saving chunks for level 'ServerLevel[world_nether]'/minecraft:the_nether
[23:21:36] [Server thread/INFO]: Saving chunks for level 'ServerLevel[world_the_end]'/minecraft:the_end
[23:21:36] [Server thread/INFO]: ThreadedAnvilChunkStorage (world): All chunks are saved
[23:21:36] [Server thread/INFO]: ThreadedAnvilChunkStorage (DIM-1): All chunks are saved
[23:21:36] [Server thread/INFO]: ThreadedAnvilChunkStorage (DIM1): All chunks are saved
[23:21:36] [Server thread/INFO]: ThreadedAnvilChunkStorage: All dimensions are saved
[23:21:36] [Server thread/INFO]: Flushing Chunk IO
[23:21:36] [Server thread/INFO]: Closing Thread Pool
[23:21:36] [Server thread/INFO]: Closing Server
